[0m16:48:27.016268 [debug] [MainThread]: Sending event: {'category': 'dbt', 'action': 'invocation', 'label': 'start', 'context': [<snowplow_tracker.self_describing_json.SelfDescribingJson object at 0x0000021C6007BB00>, <snowplow_tracker.self_describing_json.SelfDescribingJson object at 0x0000021C5FF5B380>, <snowplow_tracker.self_describing_json.SelfDescribingJson object at 0x0000021C600792B0>]}


============================== 16:48:27.020256 | bfffcc21-77af-4a1f-94c7-6a8712cc292a ==============================
[0m16:48:27.020256 [info ] [MainThread]: Running with dbt=1.8.3
[0m16:48:27.021254 [debug] [MainThread]: running dbt with arguments {'printer_width': '80', 'indirect_selection': 'eager', 'log_cache_events': 'False', 'write_json': 'True', 'partial_parse': 'True', 'cache_selected_only': 'False', 'warn_error': 'None', 'fail_fast': 'False', 'debug': 'False', 'log_path': 'logs', 'profiles_dir': 'C:\\Users\\Guuh\\.dbt', 'version_check': 'True', 'use_colors': 'True', 'use_experimental_parser': 'False', 'empty': 'None', 'quiet': 'False', 'no_print': 'None', 'log_format': 'default', 'invocation_command': 'dbt init', 'introspect': 'True', 'warn_error_options': 'WarnErrorOptions(include=[], exclude=[])', 'target_path': 'None', 'static_parser': 'True', 'send_anonymous_usage_stats': 'True'}
[0m16:48:52.649216 [debug] [MainThread]: Starter project path: C:\Users\Guuh\Documents\repositorios_eng_dados\CI-CD com dbt e github actions\desenvolvimento\DW_CI-CD_com_dbt_CI-CD_e_github_actions\.venv\Lib\site-packages\dbt\include\starter_project
[0m16:48:52.667170 [info ] [MainThread]: 
Your new dbt project "datawarehouse" was created!

For more information on how to configure the profiles.yml file,
please consult the dbt documentation here:

  https://docs.getdbt.com/docs/configure-your-profile

One more thing:

Need help? Don't hesitate to reach out to us via GitHub issues or on Slack:

  https://community.getdbt.com/

Happy modeling!

[0m16:48:52.668167 [info ] [MainThread]: Setting up your profile.
[0m16:49:18.655125 [error] [MainThread]: Encountered an error:

[0m16:49:18.657120 [error] [MainThread]: Traceback (most recent call last):
  File "C:\Users\Guuh\Documents\repositorios_eng_dados\CI-CD com dbt e github actions\desenvolvimento\DW_CI-CD_com_dbt_CI-CD_e_github_actions\.venv\Lib\site-packages\dbt\cli\requires.py", line 138, in wrapper
    result, success = func(*args, **kwargs)
                      ^^^^^^^^^^^^^^^^^^^^^
  File "C:\Users\Guuh\Documents\repositorios_eng_dados\CI-CD com dbt e github actions\desenvolvimento\DW_CI-CD_com_dbt_CI-CD_e_github_actions\.venv\Lib\site-packages\dbt\cli\requires.py", line 101, in wrapper
    return func(*args, **kwargs)
           ^^^^^^^^^^^^^^^^^^^^^
  File "C:\Users\Guuh\Documents\repositorios_eng_dados\CI-CD com dbt e github actions\desenvolvimento\DW_CI-CD_com_dbt_CI-CD_e_github_actions\.venv\Lib\site-packages\dbt\cli\main.py", line 470, in init
    results = task.run()
              ^^^^^^^^^^
  File "C:\Users\Guuh\Documents\repositorios_eng_dados\CI-CD com dbt e github actions\desenvolvimento\DW_CI-CD_com_dbt_CI-CD_e_github_actions\.venv\Lib\site-packages\dbt\task\init.py", line 347, in run
    self.setup_profile(profile_name)
  File "C:\Users\Guuh\Documents\repositorios_eng_dados\CI-CD com dbt e github actions\desenvolvimento\DW_CI-CD_com_dbt_CI-CD_e_github_actions\.venv\Lib\site-packages\dbt\task\init.py", line 263, in setup_profile
    self.create_profile_from_target(adapter, profile_name=profile_name)
  File "C:\Users\Guuh\Documents\repositorios_eng_dados\CI-CD com dbt e github actions\desenvolvimento\DW_CI-CD_com_dbt_CI-CD_e_github_actions\.venv\Lib\site-packages\dbt\task\init.py", line 180, in create_profile_from_target
    self.create_profile_from_profile_template(profile_template, profile_name)
  File "C:\Users\Guuh\Documents\repositorios_eng_dados\CI-CD com dbt e github actions\desenvolvimento\DW_CI-CD_com_dbt_CI-CD_e_github_actions\.venv\Lib\site-packages\dbt\task\init.py", line 164, in create_profile_from_profile_template
    target = self.generate_target_from_input(prompts, initial_target)
             ^^^^^^^^^^^^^^^^^^^^^^^^^^^^^^^^^^^^^^^^^^^^^^^^^^^^^^^^
  File "C:\Users\Guuh\Documents\repositorios_eng_dados\CI-CD com dbt e github actions\desenvolvimento\DW_CI-CD_com_dbt_CI-CD_e_github_actions\.venv\Lib\site-packages\dbt\task\init.py", line 130, in generate_target_from_input
    target[key] = click.prompt(
                  ^^^^^^^^^^^^^
  File "C:\Users\Guuh\Documents\repositorios_eng_dados\CI-CD com dbt e github actions\desenvolvimento\DW_CI-CD_com_dbt_CI-CD_e_github_actions\.venv\Lib\site-packages\click\termui.py", line 164, in prompt
    value = prompt_func(prompt)
            ^^^^^^^^^^^^^^^^^^^
  File "C:\Users\Guuh\Documents\repositorios_eng_dados\CI-CD com dbt e github actions\desenvolvimento\DW_CI-CD_com_dbt_CI-CD_e_github_actions\.venv\Lib\site-packages\click\termui.py", line 147, in prompt_func
    raise Abort() from None
click.exceptions.Abort

[0m16:49:18.661109 [debug] [MainThread]: Command `dbt init` failed at 16:49:18.661109 after 51.72 seconds
[0m16:49:18.661109 [debug] [MainThread]: Sending event: {'category': 'dbt', 'action': 'invocation', 'label': 'end', 'context': [<snowplow_tracker.self_describing_json.SelfDescribingJson object at 0x0000021C5F707710>, <snowplow_tracker.self_describing_json.SelfDescribingJson object at 0x0000021C60255FD0>, <snowplow_tracker.self_describing_json.SelfDescribingJson object at 0x0000021C5FBDD820>]}
[0m16:49:18.662106 [debug] [MainThread]: Flushing usage events
[0m16:49:22.844871 [debug] [MainThread]: Sending event: {'category': 'dbt', 'action': 'invocation', 'label': 'start', 'context': [<snowplow_tracker.self_describing_json.SelfDescribingJson object at 0x0000024CF9F59190>, <snowplow_tracker.self_describing_json.SelfDescribingJson object at 0x0000024CF9F59D60>, <snowplow_tracker.self_describing_json.SelfDescribingJson object at 0x0000024CF9F5B1A0>]}


============================== 16:49:22.847863 | 9a0fd165-d1b5-411a-b39b-f0b14811bd96 ==============================
[0m16:49:22.847863 [info ] [MainThread]: Running with dbt=1.8.3
[0m16:49:22.848861 [debug] [MainThread]: running dbt with arguments {'printer_width': '80', 'indirect_selection': 'eager', 'log_cache_events': 'False', 'write_json': 'True', 'partial_parse': 'True', 'cache_selected_only': 'False', 'profiles_dir': 'C:\\Users\\Guuh\\.dbt', 'debug': 'False', 'version_check': 'True', 'log_path': 'logs', 'fail_fast': 'False', 'warn_error': 'None', 'use_colors': 'True', 'use_experimental_parser': 'False', 'no_print': 'None', 'quiet': 'False', 'empty': 'None', 'warn_error_options': 'WarnErrorOptions(include=[], exclude=[])', 'invocation_command': 'dbt init', 'static_parser': 'True', 'introspect': 'True', 'target_path': 'None', 'log_format': 'default', 'send_anonymous_usage_stats': 'True'}
[0m16:49:30.311275 [info ] [MainThread]: A project called datawarehouse already exists here.
[0m16:49:30.312272 [debug] [MainThread]: Command `dbt init` succeeded at 16:49:30.312272 after 7.55 seconds
[0m16:49:30.313270 [debug] [MainThread]: Sending event: {'category': 'dbt', 'action': 'invocation', 'label': 'end', 'context': [<snowplow_tracker.self_describing_json.SelfDescribingJson object at 0x0000024CF9F8A510>, <snowplow_tracker.self_describing_json.SelfDescribingJson object at 0x0000024CF9FB3EF0>, <snowplow_tracker.self_describing_json.SelfDescribingJson object at 0x0000024CF9CA48F0>]}
[0m16:49:30.313270 [debug] [MainThread]: Flushing usage events
[0m16:50:05.768611 [debug] [MainThread]: Sending event: {'category': 'dbt', 'action': 'invocation', 'label': 'start', 'context': [<snowplow_tracker.self_describing_json.SelfDescribingJson object at 0x000002279071E600>, <snowplow_tracker.self_describing_json.SelfDescribingJson object at 0x00000227901DECF0>, <snowplow_tracker.self_describing_json.SelfDescribingJson object at 0x000002278FF228A0>]}


============================== 16:50:05.771603 | 1aef59cd-4f78-437d-b378-36ad3dea745f ==============================
[0m16:50:05.771603 [info ] [MainThread]: Running with dbt=1.8.3
[0m16:50:05.772601 [debug] [MainThread]: running dbt with arguments {'printer_width': '80', 'indirect_selection': 'eager', 'write_json': 'True', 'log_cache_events': 'False', 'partial_parse': 'True', 'cache_selected_only': 'False', 'warn_error': 'None', 'version_check': 'True', 'profiles_dir': 'C:\\Users\\Guuh\\.dbt', 'log_path': 'logs', 'fail_fast': 'False', 'debug': 'False', 'use_colors': 'True', 'use_experimental_parser': 'False', 'no_print': 'None', 'quiet': 'False', 'empty': 'None', 'warn_error_options': 'WarnErrorOptions(include=[], exclude=[])', 'invocation_command': 'dbt init', 'log_format': 'default', 'static_parser': 'True', 'target_path': 'None', 'introspect': 'True', 'send_anonymous_usage_stats': 'True'}
[0m16:50:10.087815 [debug] [MainThread]: Starter project path: C:\Users\Guuh\Documents\repositorios_eng_dados\CI-CD com dbt e github actions\desenvolvimento\DW_CI-CD_com_dbt_CI-CD_e_github_actions\.venv\Lib\site-packages\dbt\include\starter_project
[0m16:50:10.097587 [info ] [MainThread]: 
Your new dbt project "datawarehouse" was created!

For more information on how to configure the profiles.yml file,
please consult the dbt documentation here:

  https://docs.getdbt.com/docs/configure-your-profile

One more thing:

Need help? Don't hesitate to reach out to us via GitHub issues or on Slack:

  https://community.getdbt.com/

Happy modeling!

[0m16:50:10.098552 [info ] [MainThread]: Setting up your profile.
[0m16:51:45.298735 [debug] [MainThread]: Sending event: {'category': 'dbt', 'action': 'invocation', 'label': 'start', 'context': [<snowplow_tracker.self_describing_json.SelfDescribingJson object at 0x0000025354589FD0>, <snowplow_tracker.self_describing_json.SelfDescribingJson object at 0x0000025356A7E900>, <snowplow_tracker.self_describing_json.SelfDescribingJson object at 0x0000025356A7E510>]}


============================== 16:51:45.301728 | 2f37b07a-9e15-49f6-aebe-6ed5b01cc97a ==============================
[0m16:51:45.301728 [info ] [MainThread]: Running with dbt=1.8.3
[0m16:51:45.302725 [debug] [MainThread]: running dbt with arguments {'printer_width': '80', 'indirect_selection': 'eager', 'log_cache_events': 'False', 'write_json': 'True', 'partial_parse': 'True', 'cache_selected_only': 'False', 'profiles_dir': '../', 'debug': 'False', 'warn_error': 'None', 'log_path': 'logs', 'version_check': 'True', 'fail_fast': 'False', 'use_colors': 'True', 'use_experimental_parser': 'False', 'empty': 'None', 'quiet': 'False', 'no_print': 'None', 'warn_error_options': 'WarnErrorOptions(include=[], exclude=[])', 'introspect': 'True', 'log_format': 'default', 'invocation_command': 'dbt init', 'target_path': 'None', 'static_parser': 'True', 'send_anonymous_usage_stats': 'True'}
[0m16:51:50.320261 [debug] [MainThread]: Starter project path: C:\Users\Guuh\Documents\repositorios_eng_dados\CI-CD com dbt e github actions\desenvolvimento\DW_CI-CD_com_dbt_CI-CD_e_github_actions\.venv\Lib\site-packages\dbt\include\starter_project
[0m16:51:50.329227 [info ] [MainThread]: 
Your new dbt project "datawarehouse" was created!

For more information on how to configure the profiles.yml file,
please consult the dbt documentation here:

  https://docs.getdbt.com/docs/configure-your-profile

One more thing:

Need help? Don't hesitate to reach out to us via GitHub issues or on Slack:

  https://community.getdbt.com/

Happy modeling!

[0m16:51:50.330249 [info ] [MainThread]: Setting up your profile.
[0m16:53:55.361062 [debug] [MainThread]: Sending event: {'category': 'dbt', 'action': 'invocation', 'label': 'start', 'context': [<snowplow_tracker.self_describing_json.SelfDescribingJson object at 0x000001F4ACEEBE60>, <snowplow_tracker.self_describing_json.SelfDescribingJson object at 0x000001F4ACDFC590>, <snowplow_tracker.self_describing_json.SelfDescribingJson object at 0x000001F4ACEC9460>]}


============================== 16:53:55.365052 | b09e4355-eb72-4b6f-82af-5729bb5eb165 ==============================
[0m16:53:55.365052 [info ] [MainThread]: Running with dbt=1.8.3
[0m16:53:55.365052 [debug] [MainThread]: running dbt with arguments {'printer_width': '80', 'indirect_selection': 'eager', 'log_cache_events': 'False', 'write_json': 'True', 'partial_parse': 'True', 'cache_selected_only': 'False', 'profiles_dir': '../', 'fail_fast': 'False', 'debug': 'False', 'log_path': 'logs', 'version_check': 'True', 'warn_error': 'None', 'use_colors': 'True', 'use_experimental_parser': 'False', 'empty': 'None', 'quiet': 'False', 'no_print': 'None', 'warn_error_options': 'WarnErrorOptions(include=[], exclude=[])', 'invocation_command': 'dbt init', 'introspect': 'True', 'static_parser': 'True', 'target_path': 'None', 'log_format': 'default', 'send_anonymous_usage_stats': 'True'}
[0m16:54:04.512368 [debug] [MainThread]: Starter project path: C:\Users\Guuh\Documents\repositorios_eng_dados\CI-CD com dbt e github actions\desenvolvimento\DW_CI-CD_com_dbt_CI-CD_e_github_actions\.venv\Lib\site-packages\dbt\include\starter_project
[0m16:54:04.520314 [info ] [MainThread]: 
Your new dbt project "datawarehouse" was created!

For more information on how to configure the profiles.yml file,
please consult the dbt documentation here:

  https://docs.getdbt.com/docs/configure-your-profile

One more thing:

Need help? Don't hesitate to reach out to us via GitHub issues or on Slack:

  https://community.getdbt.com/

Happy modeling!

[0m16:54:04.521312 [info ] [MainThread]: Setting up your profile.
[0m16:54:13.655440 [error] [MainThread]: Encountered an error:

[0m16:54:13.657438 [error] [MainThread]: Traceback (most recent call last):
  File "C:\Users\Guuh\Documents\repositorios_eng_dados\CI-CD com dbt e github actions\desenvolvimento\DW_CI-CD_com_dbt_CI-CD_e_github_actions\.venv\Lib\site-packages\dbt\cli\requires.py", line 138, in wrapper
    result, success = func(*args, **kwargs)
                      ^^^^^^^^^^^^^^^^^^^^^
  File "C:\Users\Guuh\Documents\repositorios_eng_dados\CI-CD com dbt e github actions\desenvolvimento\DW_CI-CD_com_dbt_CI-CD_e_github_actions\.venv\Lib\site-packages\dbt\cli\requires.py", line 101, in wrapper
    return func(*args, **kwargs)
           ^^^^^^^^^^^^^^^^^^^^^
  File "C:\Users\Guuh\Documents\repositorios_eng_dados\CI-CD com dbt e github actions\desenvolvimento\DW_CI-CD_com_dbt_CI-CD_e_github_actions\.venv\Lib\site-packages\dbt\cli\main.py", line 470, in init
    results = task.run()
              ^^^^^^^^^^
  File "C:\Users\Guuh\Documents\repositorios_eng_dados\CI-CD com dbt e github actions\desenvolvimento\DW_CI-CD_com_dbt_CI-CD_e_github_actions\.venv\Lib\site-packages\dbt\task\init.py", line 347, in run
    self.setup_profile(profile_name)
  File "C:\Users\Guuh\Documents\repositorios_eng_dados\CI-CD com dbt e github actions\desenvolvimento\DW_CI-CD_com_dbt_CI-CD_e_github_actions\.venv\Lib\site-packages\dbt\task\init.py", line 263, in setup_profile
    self.create_profile_from_target(adapter, profile_name=profile_name)
  File "C:\Users\Guuh\Documents\repositorios_eng_dados\CI-CD com dbt e github actions\desenvolvimento\DW_CI-CD_com_dbt_CI-CD_e_github_actions\.venv\Lib\site-packages\dbt\task\init.py", line 180, in create_profile_from_target
    self.create_profile_from_profile_template(profile_template, profile_name)
  File "C:\Users\Guuh\Documents\repositorios_eng_dados\CI-CD com dbt e github actions\desenvolvimento\DW_CI-CD_com_dbt_CI-CD_e_github_actions\.venv\Lib\site-packages\dbt\task\init.py", line 164, in create_profile_from_profile_template
    target = self.generate_target_from_input(prompts, initial_target)
             ^^^^^^^^^^^^^^^^^^^^^^^^^^^^^^^^^^^^^^^^^^^^^^^^^^^^^^^^
  File "C:\Users\Guuh\Documents\repositorios_eng_dados\CI-CD com dbt e github actions\desenvolvimento\DW_CI-CD_com_dbt_CI-CD_e_github_actions\.venv\Lib\site-packages\dbt\task\init.py", line 130, in generate_target_from_input
    target[key] = click.prompt(
                  ^^^^^^^^^^^^^
  File "C:\Users\Guuh\Documents\repositorios_eng_dados\CI-CD com dbt e github actions\desenvolvimento\DW_CI-CD_com_dbt_CI-CD_e_github_actions\.venv\Lib\site-packages\click\termui.py", line 164, in prompt
    value = prompt_func(prompt)
            ^^^^^^^^^^^^^^^^^^^
  File "C:\Users\Guuh\Documents\repositorios_eng_dados\CI-CD com dbt e github actions\desenvolvimento\DW_CI-CD_com_dbt_CI-CD_e_github_actions\.venv\Lib\site-packages\click\termui.py", line 147, in prompt_func
    raise Abort() from None
click.exceptions.Abort

[0m16:54:13.660738 [debug] [MainThread]: Command `dbt init` failed at 16:54:13.660738 after 18.38 seconds
[0m16:54:13.661735 [debug] [MainThread]: Sending event: {'category': 'dbt', 'action': 'invocation', 'label': 'end', 'context': [<snowplow_tracker.self_describing_json.SelfDescribingJson object at 0x000001F4ACF25910>, <snowplow_tracker.self_describing_json.SelfDescribingJson object at 0x000001F4AC6170B0>, <snowplow_tracker.self_describing_json.SelfDescribingJson object at 0x000001F4AD09DEB0>]}
[0m16:54:13.661735 [debug] [MainThread]: Flushing usage events
[0m16:54:24.984502 [debug] [MainThread]: Sending event: {'category': 'dbt', 'action': 'invocation', 'label': 'start', 'context': [<snowplow_tracker.self_describing_json.SelfDescribingJson object at 0x000001AC3084D3A0>, <snowplow_tracker.self_describing_json.SelfDescribingJson object at 0x000001AC3084E4E0>, <snowplow_tracker.self_describing_json.SelfDescribingJson object at 0x000001AC30C79940>]}


============================== 16:54:24.987494 | 38e0e130-a133-4252-92fd-9bbea54b8182 ==============================
[0m16:54:24.987494 [info ] [MainThread]: Running with dbt=1.8.3
[0m16:54:24.988493 [debug] [MainThread]: running dbt with arguments {'printer_width': '80', 'indirect_selection': 'eager', 'write_json': 'True', 'log_cache_events': 'False', 'partial_parse': 'True', 'cache_selected_only': 'False', 'warn_error': 'None', 'debug': 'False', 'fail_fast': 'False', 'log_path': 'logs', 'profiles_dir': '../', 'version_check': 'True', 'use_colors': 'True', 'use_experimental_parser': 'False', 'no_print': 'None', 'quiet': 'False', 'empty': 'None', 'log_format': 'default', 'invocation_command': 'dbt init', 'introspect': 'True', 'static_parser': 'True', 'target_path': 'None', 'warn_error_options': 'WarnErrorOptions(include=[], exclude=[])', 'send_anonymous_usage_stats': 'True'}
[0m16:54:29.937889 [debug] [MainThread]: Starter project path: C:\Users\Guuh\Documents\repositorios_eng_dados\CI-CD com dbt e github actions\desenvolvimento\DW_CI-CD_com_dbt_CI-CD_e_github_actions\.venv\Lib\site-packages\dbt\include\starter_project
[0m16:54:29.946966 [info ] [MainThread]: 
Your new dbt project "datawarehouse" was created!

For more information on how to configure the profiles.yml file,
please consult the dbt documentation here:

  https://docs.getdbt.com/docs/configure-your-profile

One more thing:

Need help? Don't hesitate to reach out to us via GitHub issues or on Slack:

  https://community.getdbt.com/

Happy modeling!

[0m16:54:29.947963 [info ] [MainThread]: Setting up your profile.
[0m17:02:11.201347 [info ] [MainThread]: Profile datawarehouse written to ..\profiles.yml using target's profile_template.yml and your supplied values. Run 'dbt debug' to validate the connection.
[0m17:02:11.202324 [debug] [MainThread]: Command `dbt init` succeeded at 17:02:11.202324 after 466.30 seconds
[0m17:02:11.203343 [debug] [MainThread]: Sending event: {'category': 'dbt', 'action': 'invocation', 'label': 'end', 'context': [<snowplow_tracker.self_describing_json.SelfDescribingJson object at 0x000001AC30FC2600>, <snowplow_tracker.self_describing_json.SelfDescribingJson object at 0x000001AC2FDCE930>, <snowplow_tracker.self_describing_json.SelfDescribingJson object at 0x000001AC311CBB60>]}
[0m17:02:11.203343 [debug] [MainThread]: Flushing usage events
[0m17:02:16.635204 [debug] [MainThread]: Error sending anonymous usage statistics. Disabling tracking for this execution. If you wish to permanently disable tracking, see: https://docs.getdbt.com/reference/global-configs#send-anonymous-usage-stats.
[0m17:02:21.033815 [debug] [MainThread]: Sending event: {'category': 'dbt', 'action': 'invocation', 'label': 'start', 'context': [<snowplow_tracker.self_describing_json.SelfDescribingJson object at 0x000001B43CCA9280>, <snowplow_tracker.self_describing_json.SelfDescribingJson object at 0x000001B43BBDDC10>, <snowplow_tracker.self_describing_json.SelfDescribingJson object at 0x000001B439B2BDD0>]}


============================== 17:02:21.036808 | e312468d-302c-4983-8fae-46bac979f320 ==============================
[0m17:02:21.036808 [info ] [MainThread]: Running with dbt=1.8.3
[0m17:02:21.037805 [debug] [MainThread]: running dbt with arguments {'printer_width': '80', 'indirect_selection': 'eager', 'write_json': 'True', 'log_cache_events': 'False', 'partial_parse': 'True', 'cache_selected_only': 'False', 'warn_error': 'None', 'fail_fast': 'False', 'profiles_dir': '../', 'log_path': 'logs', 'debug': 'False', 'version_check': 'True', 'use_colors': 'True', 'use_experimental_parser': 'False', 'no_print': 'None', 'quiet': 'False', 'empty': 'None', 'log_format': 'default', 'invocation_command': 'dbt debug', 'static_parser': 'True', 'warn_error_options': 'WarnErrorOptions(include=[], exclude=[])', 'target_path': 'None', 'introspect': 'True', 'send_anonymous_usage_stats': 'True'}
[0m17:02:21.054759 [info ] [MainThread]: dbt version: 1.8.3
[0m17:02:21.054759 [info ] [MainThread]: python version: 3.12.0
[0m17:02:21.055757 [info ] [MainThread]: python path: C:\Users\Guuh\Documents\repositorios_eng_dados\CI-CD com dbt e github actions\desenvolvimento\DW_CI-CD_com_dbt_CI-CD_e_github_actions\.venv\Scripts\python.exe
[0m17:02:21.055757 [info ] [MainThread]: os info: Windows-10-10.0.19045-SP0
[0m17:02:21.056755 [info ] [MainThread]: Using profiles dir at ../
[0m17:02:21.056755 [info ] [MainThread]: Using profiles.yml file at ../profiles.yml
[0m17:02:21.057752 [info ] [MainThread]: Using dbt_project.yml file at C:\Users\Guuh\Documents\repositorios_eng_dados\CI-CD com dbt e github actions\desenvolvimento\DW_CI-CD_com_dbt_CI-CD_e_github_actions\dbt_project.yml
[0m17:02:21.057752 [info ] [MainThread]: Configuration:
[0m17:02:21.058750 [info ] [MainThread]:   profiles.yml file [[31mERROR not found[0m]
[0m17:02:21.058750 [info ] [MainThread]:   dbt_project.yml file [[31mERROR not found[0m]
[0m17:02:21.059747 [info ] [MainThread]: Required dependencies:
[0m17:02:21.059747 [debug] [MainThread]: Executing "git --help"
[0m17:02:21.078696 [debug] [MainThread]: STDOUT: "b"usage: git [-v | --version] [-h | --help] [-C <path>] [-c <name>=<value>]\n           [--exec-path[=<path>]] [--html-path] [--man-path] [--info-path]\n           [-p | --paginate | -P | --no-pager] [--no-replace-objects] [--bare]\n           [--git-dir=<path>] [--work-tree=<path>] [--namespace=<name>]\n           [--super-prefix=<path>] [--config-env=<name>=<envvar>]\n           <command> [<args>]\n\nThese are common Git commands used in various situations:\n\nstart a working area (see also: git help tutorial)\n   clone     Clone a repository into a new directory\n   init      Create an empty Git repository or reinitialize an existing one\n\nwork on the current change (see also: git help everyday)\n   add       Add file contents to the index\n   mv        Move or rename a file, a directory, or a symlink\n   restore   Restore working tree files\n   rm        Remove files from the working tree and from the index\n\nexamine the history and state (see also: git help revisions)\n   bisect    Use binary search to find the commit that introduced a bug\n   diff      Show changes between commits, commit and working tree, etc\n   grep      Print lines matching a pattern\n   log       Show commit logs\n   show      Show various types of objects\n   status    Show the working tree status\n\ngrow, mark and tweak your common history\n   branch    List, create, or delete branches\n   commit    Record changes to the repository\n   merge     Join two or more development histories together\n   rebase    Reapply commits on top of another base tip\n   reset     Reset current HEAD to the specified state\n   switch    Switch branches\n   tag       Create, list, delete or verify a tag object signed with GPG\n\ncollaborate (see also: git help workflows)\n   fetch     Download objects and refs from another repository\n   pull      Fetch from and integrate with another repository or a local branch\n   push      Update remote refs along with associated objects\n\n'git help -a' and 'git help -g' list available subcommands and some\nconcept guides. See 'git help <command>' or 'git help <concept>'\nto read about a specific subcommand or concept.\nSee 'git help git' for an overview of the system.\n""
[0m17:02:21.079694 [debug] [MainThread]: STDERR: "b''"
[0m17:02:21.079694 [info ] [MainThread]:  - git [[32mOK found[0m]

[0m17:02:21.080692 [info ] [MainThread]: Connection test skipped since no profile was found
[0m17:02:21.080692 [info ] [MainThread]: [31m2 checks failed:[0m
[0m17:02:21.081688 [info ] [MainThread]: dbt looked for a profiles.yml file in ../profiles.yml, but did
not find one. For more information on configuring your profile, consult the
documentation:

https://docs.getdbt.com/docs/configure-your-profile


[0m17:02:21.082685 [info ] [MainThread]: Project loading failed for the following reason:
 project path <C:\Users\Guuh\Documents\repositorios_eng_dados\CI-CD com dbt e github actions\desenvolvimento\DW_CI-CD_com_dbt_CI-CD_e_github_actions\dbt_project.yml> not found

[0m17:02:21.083683 [debug] [MainThread]: Command `dbt debug` failed at 17:02:21.083683 after 0.13 seconds
[0m17:02:21.083683 [debug] [MainThread]: Sending event: {'category': 'dbt', 'action': 'invocation', 'label': 'end', 'context': [<snowplow_tracker.self_describing_json.SelfDescribingJson object at 0x000001B43BBDDC10>, <snowplow_tracker.self_describing_json.SelfDescribingJson object at 0x000001B43BC0F380>, <snowplow_tracker.self_describing_json.SelfDescribingJson object at 0x000001B43CC8A8D0>]}
[0m17:02:21.084681 [debug] [MainThread]: Flushing usage events
[0m17:36:41.483468 [debug] [MainThread]: Sending event: {'category': 'dbt', 'action': 'invocation', 'label': 'start', 'context': [<snowplow_tracker.self_describing_json.SelfDescribingJson object at 0x0000021B44D692B0>, <snowplow_tracker.self_describing_json.SelfDescribingJson object at 0x0000021B44D490A0>, <snowplow_tracker.self_describing_json.SelfDescribingJson object at 0x0000021B41BF3AD0>]}


============================== 17:36:41.486457 | e5d367dc-3e41-4d3e-9f7d-08337604886d ==============================
[0m17:36:41.486457 [info ] [MainThread]: Running with dbt=1.8.3
[0m17:36:41.487456 [debug] [MainThread]: running dbt with arguments {'printer_width': '80', 'indirect_selection': 'eager', 'write_json': 'True', 'log_cache_events': 'False', 'partial_parse': 'True', 'cache_selected_only': 'False', 'profiles_dir': '../', 'version_check': 'True', 'warn_error': 'None', 'log_path': 'logs', 'fail_fast': 'False', 'debug': 'False', 'use_colors': 'True', 'use_experimental_parser': 'False', 'empty': 'False', 'quiet': 'False', 'no_print': 'None', 'warn_error_options': 'WarnErrorOptions(include=[], exclude=[])', 'invocation_command': 'dbt run', 'introspect': 'True', 'static_parser': 'True', 'target_path': 'None', 'log_format': 'default', 'send_anonymous_usage_stats': 'True'}
[0m17:36:41.487456 [error] [MainThread]: Encountered an error:
Runtime Error
  No dbt_project.yml found at expected path C:\Users\Guuh\Documents\repositorios_eng_dados\CI-CD com dbt e github actions\desenvolvimento\DW_CI-CD_com_dbt_CI-CD_e_github_actions\dbt_project.yml
  Verify that each entry within packages.yml (and their transitive dependencies) contains a file named dbt_project.yml
  
[0m17:36:41.489424 [debug] [MainThread]: Command `dbt run` failed at 17:36:41.489424 after 0.09 seconds
[0m17:36:41.489424 [debug] [MainThread]: Sending event: {'category': 'dbt', 'action': 'invocation', 'label': 'end', 'context': [<snowplow_tracker.self_describing_json.SelfDescribingJson object at 0x0000021B43EDD0A0>, <snowplow_tracker.self_describing_json.SelfDescribingJson object at 0x0000021B44217440>, <snowplow_tracker.self_describing_json.SelfDescribingJson object at 0x0000021B44D490A0>]}
[0m17:36:41.490421 [debug] [MainThread]: Flushing usage events
